Build started 04/11/2013 17:05:28.
     1>Project "C:\PROYECTOS\FileOptimizer\Source\gifsicle\gifsicle.vcxproj" on node 2 (Rebuild target(s)).
     1>ClCompile:
         C:\Program Files (x86)\Microsoft Visual Studio 12.0\VC\bin\CL.exe /c /nologo /W1 /WX- /O2 /Ob2 /Oi /Ot /Oy /GT /GL /D WIN32 /D NDEBUG /D _CONSOLE /D _USING_V110_SDK71_ /D _UNICODE /D UNICODE /D HAVE_CONFIG_H /GF /Gm- /MT /Zp16 /GS- /Gy /Qpar /arch:IA32 /fp:fast /fp:except- /Zc:wchar_t /Zc:forScope /Fo"Release\\" /Fd"Release\vc120.pdb" /Gd /TC /analyze- /errorReport:prompt src\clp.c src\fmalloc.c src\giffunc.c src\gifread.c src\gifsicle.c src\gifunopt.c src\gifwrite.c src\merge.c src\optimize.c src\quantize.c src\support.c src\xform.c
         clp.c
     1>c1 : fatal error C1083: Cannot open source file: 'src\clp.c': No such file or directory
         fmalloc.c
     1>c1 : fatal error C1083: Cannot open source file: 'src\fmalloc.c': No such file or directory
         giffunc.c
     1>c1 : fatal error C1083: Cannot open source file: 'src\giffunc.c': No such file or directory
         gifread.c
     1>c1 : fatal error C1083: Cannot open source file: 'src\gifread.c': No such file or directory
         gifsicle.c
     1>c1 : fatal error C1083: Cannot open source file: 'src\gifsicle.c': No such file or directory
         gifunopt.c
     1>c1 : fatal error C1083: Cannot open source file: 'src\gifunopt.c': No such file or directory
         gifwrite.c
     1>c1 : fatal error C1083: Cannot open source file: 'src\gifwrite.c': No such file or directory
         merge.c
     1>c1 : fatal error C1083: Cannot open source file: 'src\merge.c': No such file or directory
         optimize.c
     1>c1 : fatal error C1083: Cannot open source file: 'src\optimize.c': No such file or directory
         quantize.c
     1>c1 : fatal error C1083: Cannot open source file: 'src\quantize.c': No such file or directory
         support.c
     1>c1 : fatal error C1083: Cannot open source file: 'src\support.c': No such file or directory
         xform.c
     1>c1 : fatal error C1083: Cannot open source file: 'src\xform.c': No such file or directory
     1>Done Building Project "C:\PROYECTOS\FileOptimizer\Source\gifsicle\gifsicle.vcxproj" (Rebuild target(s)) -- FAILED.

Build FAILED.

Time Elapsed 00:00:00.54
